100
0 9967 9897 9836 9750 9631 9577 9575 9557 9538 9517 9455 9358 9355 9338 9332 9328 9299 9289 9204 9165 9135 9054 9030 8980 8973 8949 8871 8738 8732 8670 4171 2899 1263 968
1 9903 9660 9613 9575 9571 9538 9478 9470 9455 9424 9359 9356 9328 9306 9268 9204 9174 9165 9141 9030 9017 8973 8949 8738 8735 8734 8732 8693 8670 8629 8353 8309 7862
2 9977 9915 9901 9884 9831 9823 9792 9786 9770 9768 9749 9742 9740 9733 9732 9725 9718 9694 9688 9678 9660 9642 9623 9589 9584 9566 9547 9546 9522 9491 9470 9305 8402 4247 3975
3 9906 9890 9842 9711 9710 9653 9607 9574 9414 9360 9355 9354 9353 9320 9277 9252 9138 8968 8948 8899 8801 8795 8733 8704 8643 8567 8519 8516 8466 8444 8342 7977 7776 7677 3097 1671
4 9974 9946 9913 9912 9832 9805 9703 9493 9464 9290 9219 9017 8971 8955 8912 8901 8723 8518 8428 8401 8273 8166 8055 8050 7995 7979 7895 7752 7687 7679 7451 7307 7055 6744 3975 1502 1310
5 9962 9947 9916 9913 9883 9786 9749 9676 9669 9664 9660 9637 9532 9502 9470 9459 9447 9386 9369 9348 9335 9306 9285 9262 9174 9145 9141 9110 9095 8936 8270 8080 7624 6049 1310
6 9974 9969 9946 9933 9915 9913 9912 9906 9891 9857 9837 9832 9825 9805 9786 9778 9767 9749 9742 9722 9701 9676 9654 9642 9637 9607 9574 9561 9546 9539 9519 9512 9502 9500 9459 9424 9138 8402 7624
7 9987 9969 9967 9948 9918 9888 9872 9843 9837 9831 9823 9768 9750 9732 9718 9710 9705 9623 9556 9543 9542 9538 9517 9476 9471 9441 9430 9428 9425 9374 9360 9358 9299 9295 9289 9246 9225 7624 5990
8 9962 9903 9733 9589 9547 9538 9491 9478 9369 9356 9348 9262 9141 9085 9030 8962 8819 8783 8770 8734 8621 8620 8614 8528 8438 8397 8306 8215 8189 8156 8149 8080 8076 8059 7537 5659 3774 1290
9 9993 9986 9944 9891 9864 9837 9784 9723 9676 9652 9609 9573 9539 9531 9529 9512 9479 9446 9442 9414 9412 9400 9397 9382 9372 9363 9350 9347 9304 9269 9259 9218 6729 6304
10 9989 9948 9927 9925 9900 9890 9867 9856 9828 9805 9803 9798 9740 9627 9569 9546 9532 9518 9485 9469 9430 9391 9375 9358 9356 9351 9335 9314 9167 9163 9147 9127 9086 9078 9057 9053 9047 9039 8992 8860 8728 6049 5926 3244 2848
11 9971 9927 9913 9884 9856 9805 9803 9798 9770 9740 9725 9678 9675 9663 9613 9571 9569 9566 9561 9532 9522 9478 9424 9412 9359 9353 9351 9311 9268 9231 9143 9081 9039 9017 8992 3975 1671
12 9969 9948 9918 9915 9891 9883 9872 9837 9817 9786 9778 9767 9749 9742 9654 9642 9611 9548 9543 9539 9536 9531 9512 9471 9414 9375 9368 9360 9353 9322 9295 8938 8707 8402 3756 2264
13 9987 9888 9799 9705 9696 9677 9426 9274 9205 8944 8909 8908 8904 8888 8817 8802 8743 8688 8687 8360 8250 8243 8130 8116 8086 7918 7881 7810 7658 7474 7432 7382 7367 7325 7322 7242 6684 5482 2264
14 9974 9971 9931 9918 9894 9868 9843 9675 9595 9582 9559 9512 9471 9441 9428 9353 9280 9275 9248 9225 9206 9109 8965 8899 8851 8806 8679 8660 8599 8486 8442 8430 8417 8388 8355 8299 8278 8262 7918 6979 2153
15 9995 9986 9977 9962 9957 9948 9916 9907 9901 9886 9885 9883 9875 9864 9835 9831 9824 9793 9782 9776 9763 9710 9694 9693 9676 9652 9639 9637 9635 9597 9593 9592 9591 9502
16 9969 9948 9918 9872 9843 9837 9543 9471 9441 9428 9360 9295 9280 9246 9225 9118 9109 9068 8938 8875 8870 8770 8740 8699 8679 8660 8486 8427 8365 8278 8262 8241 8055 5526 5429 4371 4023
17 9993 9927 9856 9805 9803 9798 9660 9573 9569 9532 9470 9412 9400 9397 9351 9306 9174 9141 9071 9064 8942 8868 8799 8693 8573 8520 8476 8389 8334 8152
18 9918 9883 9792 9688 9611 9548 9531 9485 9353 9246 9080 9076 9010 8966 8703 8694 8616 8444 8424 8396 8360 8334 8322 8123 8100 8001 7990 7984 7935 7827 7747 7732 7621 7618 7607 7593 7557 5381 708
19 9977 9940 9901 9890 9868 9867 9831 9823 9768 9736 9732 9718 9694 9627 9623 9582 9559 9512 9485 9481 9476 9468 9464 9434 9430 9421 9391 9335 9329 9314 9301 9275 9248 9206 9147 9134 9081 9053 8981 8970 8965 8933 8792 8761 8734 8719 6979 5926
20 9986 9969 9861 9857 9825 9798 9784 9755 9749 9723 9701 9698 9634 9562 9561 9521 9519 9446 9440 9424 9413 9411 9347 9261 9246 9237 9204 9147 9142 9087 9009 8911 8734 8402 5526 2153
21 9998 9987 9948 9916 9900 9888 9883 9804 9799 9786 9770 9710 9705 9696 9677 9664 9569 9556 9542 9532 9465 9433 9426 9409 9391 9382 9374 9373 9271 8992 7242 5985 2848
22 9948 9916 9890 9867 9831 9823 9770 9768 9733 9732 9718 9715 9710 9673 9669 9654 9627 9623 9589 9547 9546 9517 9491 9478 9476 9430 9425 9391 9373 9360 9358 9355 9335 9314 9289 9271 9167 9128 8528 7624
23 9987 9913 9888 9868 9779 9740 9705 9660 9582 9559 9546 9512 9479 9470 9430 9412 9358 9306 9275 9269 9248 9231 9206 9199 9174 9167 9163 9161 9141 9137 9127 9122 9005 8911 3244
24 9998 9947 9940 9915 9913 9831 9823 9804 9786 9770 9768 9749 9742 9740 9736 9732 9718 9669 9663 9642 9623 9569 9561 9481 9476 9465 9430 9412 9409 9391 9382 9368 9335 9329 9081 8992 8450 6698 3756 2264
25 9814 9799 9696 9677 9426 9386 9274 9205 9054 8908 8904 8888 8817 8687 8614 8607 8600 8531 8491 8489 8481 8360 8243 8240 8136 8130 7773 7706 7685 7636 7416 7382 7367 7354 7242 7087 6534 6115 5482 4554 2264
26 9998 9986 9948 9927 9856 9805 9804 9803 9798 9784 9710 9703 9698 9613 9571 9569 9562 9556 9542 9532 9521 9493 9478 9465 9464 9446 9424 9409 9391 9382 9374 9351 8992 8454 5526 3975 1290
27 9962 9896 9884 9880 9811 9794 9770 9739 9733 9716 9693 9676 9663 9637 9589 9572 9561 9547 9528 9505 9502 9491 9478 9461 9459 9386 9369 9348 9334 9285 8992 8761 8080 7624 6337 3097
28 9974 9969 9957 9948 9931 9897 9894 9872 9862 9837 9836 9793 9753 9713 9631 9595 9577 9557 9543 9517 9495 9471 9407 9401 9392 9391 9360 9355 9338 9332 9322 9295 9289 9246 9230 8450 6604 5921 5526 2153
29 9993 9974 9957 9931 9918 9894 9885 9843 9782 9779 9763 9595 9573 9566 9479 9471 9441 9428 9412 9400 9397 9357 9280 9269 9225 9199 9161 9122 9109 9071 9064 8947 8911 8430 8034 6698 6604 5661
30 9993 9969 9948 9897 9872 9837 9836 9676 9637 9631 9577 9573 9557 9543 9517 9502 9471 9459 9412 9400 9397 9386 9360 9355 9338 9332 9295 9289 9285 9246 9118 9086 9071 9064 8334 7624 5526
31 9981 9933 9926 9908 9906 9904 9890 9862 9848 9840 9793 9761 9753 9740 9722 9710 9676 9640 9637 9631 9607 9596 9574 9538 9523 9516 9513 9502 9500 9459 9440 9285 9138 8751 7624
32 9943 9891 9884 9862 9837 9793 9753 9725 9678 9660 9631 9575 9566 9546 9539 9522 9512 9470 9455 9421 9414 9407 9401 9351 9328 9311 9306 9269 8993 8988 8492 6049 5921 3992 3975 3849
33 9971 9940 9933 9907 9896 9883 9793 9776 9736 9722 9716 9675 9639 9574 9572 9505 9500 9481 9365 9353 9329 9277 9207 9175 9158 9153 9140 9090 9013 8981 8952 8931 8853 8851 8825 8787
34 9975 9974 9961 9952 9931 9916 9894 9887 9886 9868 9824 9767 9635 9608 9595 9582 9559 9549 9521 9512 9485 9467 9439 9346 9275 9261 9255 9248 9206 9205 9161 9043 9039 8969 8966 8965 8932 8906 8899 8806 8755 8702 8643 8541 8528 6656 6604 4142 3097
35 9957 9897 9713 9495 9392 9391 9322 9230 8991 8984 8973 8785 8612 8589 8450 8315 8313 8032 8030 7970 7718 7717 7709 7559 7537 7378 7304 6962 6838 6670 6644 6137 6077 6059 6012 5948 5895 5823 5715 5552 4765 4613 3923
36 9948 9933 9798 9722 9710 9698 9574 9562 9556 9542 9521 9500 9374 9277 9246 9207 9147 9043 9040 9000 8931 8825 8779 8751 8614 8601 8523 8465 8454 8420 8401 8386 8164 8110 8108 7564 7437 7234 6656 5526
37 9975 9961 9952 9918 9916 9887 9883 9843 9798 9792 9786 9722 9698 9688 9666 9664 9562 9551 9542 9532 9521 9485 9471 9467 9465 9441 9428 9346 9294 9280 9261 9246 9229 9225 8454 3097 1737
38 9906 9842 9711 9653 9607 9574 9414 9354 9353 9320 9277 9252 9138 8968 8948 8899 8801 8704 8643 8567 8519 8516 8444 8375 8342 8297 8295 8131 7977 7975 7776 7677 7373 6656 3457 3097 2371 1958
39 9998 9918 9917 9878 9804 9611 9569 9465 9420 9409 9391 9382 9246 9208 9194 9175 9154 9080 9076 9061 8992 8886 8843 8823 8735 8558 8494 8444 8396 8389 8334 8316 7548 7104 7048 5921 5381 4768 3389
40 9986 9974 9969 9957 9946 9916 9913 9912 9883 9864 9857 9832 9825 9805 9786 9749 9701 9664 9652 9593 9561 9532 9519 9424 9413 9261 9259 9219 9208 9203 9142 9119 8971 7117 7055 6698 4841
41 9986 9969 9952 9944 9884 9864 9857 9825 9770 9767 9749 9725 9701 9678 9676 9652 9608 9566 9561 9531 9522 9519 9424 9413 9382 9373 9363 9350 9311 9271 9259 8528
42 9969 9916 9897 9896 9886 9857 9836 9825 9824 9823 9803 9749 9716 9701 9635 9631 9599 9577 9572 9567 9561 9557 9549 9541 9521 9519 9517 9505 9504 9485 9439 9424 9413 9388 9355 9338 9332 9289 8992 8911 7360 3097 2848
43 9927 9884 9880 9856 9805 9803 9798 9794 9770 9739 9613 9571 9569 9532 9528 9478 9461 9424 9373 9359 9351 9273 9271 9268 9128 9019 9017 8898 8868 8855 8743 8735 8454 8309 8152 6337 5985 5381
44 9993 9916 9886 9883 9824 9770 9676 9637 9635 9573 9549 9548 9531 9521 9502 9485 9459 9439 9412 9400 9397 9386 9353 9285 9255 9081 9071 9064 9010 8966 8942 8906 8892 8851 8034 7624 6402 1310 1290
45 8 9998 9974 9947 9946 9944 9913 9912 9862 9832 9805 9804 9793 9779 9770 9753 9749 9723 9676 9669 9631 9613 9609 9571 9569 9531 9529 9479 9478 9465 7862 7055 6729 6402 5921
46 9995 9969 9948 9902 9897 9883 9875 9864 9836 9835 9831 9770 9731 9693 9663 9631 9597 9592 9591 9577 9572 9561 9557 9548 9531 9517 9511 9355 9353 9338 9332 9289 9285 9143 6459 5482 3684 2848 2591
47 9987 9974 9946 9913 9912 9888 9832 9831 9823 9814 9805 9778 9768 9767 9732 9718 9705 9703 9654 9623 9493 9476 9464 9430 9386 9322 9290 9219 9134 9081 9054 9017 8989 8971 8955 8944 8933 8906 8719 7055 5990 3975 3767 3106
48 9986 9974 9931 9900 9894 9884 9880 9864 9861 9794 9784 9781 9739 9652 9595 9528 9520 9461 9446 9433 9347 9273 9259 9204 9122 9119 9073 8969 8955 8947 8934 8899 8884 8835 8543 8402
49 9957 9897 9883 9856 9842 9770 9718 9713 9711 9665 9663 9653 9565 9561 9548 9531 9495 9414 9392 9391 9353 9322 9320 9277 9252 9230 9148 9143 9010 8992 8450 8271 3097
50 9998 9975 9961 9952 9887 9876 9814 9808 9804 9770 9724 9676 9663 9649 9637 9587 9569 9561 9556 9502 9467 9465 9459 9412 9409 9391 9386 9382 9372 9346 9285 9261 9205 9054 7624 7548 5862 3684
51 9610 9538 9365 9361 9234 9213 9165 9127 8986 8845 8783 8618 8513 8429 8132 7711 7694 7404 7300 7211 7200 7140 6877 6851 6812 6773 6571 6566 6554 6463 6462 6410 6361 6310 5659 5603 5534 5501 4946 2818 138
52 9974 9946 9913 9912 9832 9805 9770 9219 9081 8971 8955 8868 8851 8611 8532 8273 8166 8056 8050 7995 7979 7959 7895 7869 7768 7679 7451 7407 7379 7307 7278 7252 7224 7085 7064 7055 6744 6539 6402 6388 6376 1502
53 9974 9931 9927 9918 9894 9884 9880 9856 9843 9805 9803 9798 9794 9739 9722 9666 9613 9595 9571 9569 9551 9542 9532 9528 9478 9471 9465 9461 9441 9428 9424 9359 9351 9294 9280 9273 6604 5381
54 9981 9969 9957 9926 9904 9897 9885 9857 9848 9840 9836 9825 9814 9782 9778 9770 9767 9763 9749 9701 9654 9631 9577 9566 9561 9557 9538 9519 9517 9513 9424 9413 9386 9338 9054 5985 4247
55 9974 9931 9913 9894 9891 9883 9862 9855 9837 9793 9765 9753 9722 9692 9678 9666 9631 9595 9551 9548 9542 9539 9531 9515 9512 9465 9447 9438 9414 9407 9401 9294 9010 8147 6887 6604
56 9998 9969 9948 9918 9915 9891 9872 9843 9837 9804 9786 9749 9742 9642 9569 9546 9543 9539 9512 9471 9465 9441 9430 9428 9414 9409 9391 9382 9368 9360 8402 5526 5276 3756
57 9993 9987 9957 9897 9888 9885 9884 9883 9836 9782 9763 9725 9705 9703 9678 9631 9577 9573 9566 9557 9548 9531 9522 9517 9493 9464 9412 9400 9397 9357 9355 9353 8334 3975 3767
58 9998 9974 9931 9916 9894 9891 9886 9872 9837 9824 9804 9788 9759 9640 9635 9628 9595 9569 9549 9539 9521 9512 9485 9465 9454 9439 9414 9409 9391 9382 9307 9269 9212 8541 2153 1290
59 9913 9740 9412 9231 9137 9005 8969 8601 8450 8327 8226 8157 8149 8146 8139 8138 7987 7979 7805 7607 6963 6927 6882 6799 6734 6726 6676 6527 6408 6357 6335 6246 6238 6138 6135 6134 5643 5459 2060 1334 977
60 9957 9897 9868 9770 9723 9713 9609 9582 9559 9529 9512 9495 9479 9442 9392 9391 9373 9372 9322 9304 9275 9271 9248 9230 9206 9128 9081 9030 9019 8991 8984 8973 8965 8899 8898 8868 8450 6729
61 9962 9897 9884 9836 9792 9725 9722 9688 9678 9666 9631 9584 9577 9566 9557 9551 9542 9522 9517 9485 9465 9460 9397 9369 9355 9348 9342 9338 9332 9311 9305 9294 9289 9262 9229 9211 9199 8080
62 9957 9861 9755 9723 9676 9637 9634 9593 9502 9459 9440 9411 9386 9285 9237 9208 9203 9087 9009 8892 8855 8740 8739 8734 8696 8681 8669 8657 8640 8484 8480 8423 8390 8320 8319 8258 8189 8002 7727
63 9990 9986 9916 9906 9886 9824 9784 9635 9616 9607 9574 9560 9549 9521 9486 9485 9446 9439 9396 9354 9347 9255 9204 9138 8969 8966 8948 8947 8906 8897 8885 8801 8773 8755 8704 8673 8543 8541 8516 8402 7892 4977 3097 1495 1290
64 9993 9856 9798 9718 9698 9665 9613 9584 9573 9571 9565 9562 9521 9478 9460 9424 9412 9400 9397 9359 9342 9305 9268 9246 9211 9199 9148 9147 9071 9064 9017 9014 8942 8454 8271 8034 6769 1737 1671
65 9995 9977 9901 9897 9875 9868 9836 9835 9831 9811 9703 9694 9693 9631 9597 9592 9591 9582 9577 9572 9559 9557 9517 9512 9493 9485 9468 9464 9434 9421 9355 9338 9334 9332 9301 9299 9290 9275 8761 3975 3244
66 9987 9933 9888 9861 9842 9781 9722 9711 9705 9653 9574 9520 9500 9414 9353 9320 9277 9252 9207 8968 8955 8944 8931 8909 8899 8825 8802 8751 8743 8688 8643 8601 8523 8116 7677 7674 7007 3097 1671
67 9962 9933 9917 9916 9913 9886 9878 9861 9831 9824 9823 9781 9768 9740 9733 9732 9722 9718 9703 9635 9623 9589 9574 9549 9547 9521 9520 9500 9493 9491 9485 9478 9476 9194 8751 8450 8080 5921 3975
68 9974 9969 9948 9946 9913 9912 9890 9872 9837 9832 9805 9779 9710 9613 9571 9543 9479 9478 9471 9424 9360 9359 9355 9295 9269 9268 9246 9219 9199 9161 9122 9118 9017 8955 8947 7055 6698
69 9883 9856 9718 9665 9565 9548 9531 9353 9148 9014 9010 8966 8864 8738 8414 8338 8322 8271 8270 8236 8180 8055 8004 7827 7816 7771 7541 7444 7430 7394 7371 7042 6165 1671 1482 708
70 9896 9884 9876 9808 9779 9725 9724 9723 9716 9678 9649 9609 9587 9572 9566 9556 9529 9522 9505 9479 9442 9412 9372 9311 9304 9269 9199 9175 9161 9140 9122 9030 7850 6729 3975 3244 3097 2848
71 9957 9933 9906 9885 9782 9770 9763 9722 9663 9607 9574 9566 9561 9500 9357 9354 9277 9207 9143 9138 9132 9088 9019 9004 8992 8976 8948 8940 8931 8917 8898 8801 8751 8334 6656 4656
72 9971 9927 9868 9856 9805 9803 9798 9722 9675 9666 9613 9582 9571 9569 9559 9551 9542 9532 9512 9478 9465 9424 9359 9353 9351 9294 9275 9268 9248 9229 9206 9017 8965 8950 8890 8868 8851 8752 8660 8591 8309 6656 708
73 9993 9891 9884 9880 9837 9794 9739 9733 9589 9573 9547 9539 9528 9512 9491 9478 9461 9414 9412 9400 9397 9273 9269 9212 9175 9141 9101 9064 8528 6337 3774 3110
74 9993 9986 9969 9948 9896 9872 9864 9837 9814 9770 9716 9652 9573 9572 9543 9505 9471 9412 9400 9397 9386 9373 9360 9295 9271 9259 9246 9175 9140 9128 9119 9118 9054 9013 5985 4247 3097
75 9977 9906 9901 9861 9856 9831 9823 9768 9755 9732 9723 9718 9703 9694 9665 9634 9623 9607 9574 9565 9493 9485 9476 9468 9464 9440 9434 9430 9421 9411 9354 9301 9290 9237 9148 9138 8734
76 9949 9943 9868 9778 9770 9767 9654 9582 9559 9546 9512 9421 9351 9322 9317 9275 9248 9206 9185 9167 9120 9081 8989 8988 8965 8942 8906 8893 8871 8868 8851 8834 8806 8766 8725 8705 8699 8638 8095 6402 3849
77 9890 9710 9360 9355 8795 8733 8466 8332 8241 8025 7831 7792 7636 7509 7342 7231 7156 7105 7074 6961 6896 6760 6745 6600 6491 6357 6356 6188 6163 6024 5872 5848 5832 5817 5797 5582 5463 5350 4347
78 9987 9977 9974 9946 9915 9913 9912 9901 9888 9832 9805 9786 9749 9742 9705 9694 9660 9642 9485 9470 9468 9464 9434 9421 9368 9306 9301 9219 9174 9159 9154 9141 9098 8734 7055 3756 3244
79 9957 9948 9918 9897 9892 9856 9843 9770 9718 9713 9665 9657 9565 9514 9495 9471 9441 9428 9392 9391 9322 9280 9230 9225 9170 9148 9130 9109 9086 9081 9041 9014 8978 8864 8802 8450 8271 6402 6165 5851 4371 2848 1671
80 9971 9947 9884 9880 9876 9872 9808 9794 9788 9759 9749 9739 9725 9724 9678 9675 9669 9649 9640 9628 9587 9566 9556 9528 9522 9461 9454 9412 9372 9353 9335 9311 6656 6347 3975 3244
81 9957 9948 9891 9868 9862 9842 9837 9793 9753 9740 9711 9653 9631 9593 9584 9582 9559 9539 9512 9460 9414 9407 9401 9397 9353 9342 9320 9305 9277 9275 9248 9086 9039 5921 3097 2848
82 9969 9948 9872 9842 9837 9722 9711 9666 9653 9584 9551 9546 9543 9542 9471 9465 9460 9430 9414 9397 9360 9358 9353 9342 9320 9305 9295 9294 9277 9252 9246 9211 7677 6769 6656 5659 3244
83 9948 9891 9884 9876 9837 9814 9808 9770 9725 9724 9710 9703 9678 9663 9649 9587 9566 9561 9556 9542 9539 9522 9512 9493 9464 9414 9412 9386 3975 3767
84 9989 9986 9975 9961 9952 9947 9933 9925 9900 9890 9887 9831 9828 9823 9784 9768 9749 9732 9722 9718 9710 9669 9623 9584 9574 9518 9500 9485 9476 9469 9467 9460 9446 9430 9397 9375 9360 9356 9355 9347 9346 9342 9335 9305 9277 9047 8751 8402 6769 6656 6049 3097 2264 1737
85 9948 9792 9723 9688 9609 9529 9485 9479 9442 9372 9304 9086 9030 8940 8899 8860 8770 8749 8703 8694 8616 8424 8422 8409 8387 8360 8322 8165 8157 8123 8100 7990 7984 7557 7401 6729 6304 2848
86 9974 9971 9957 9946 9940 9913 9912 9892 9883 9832 9805 9770 9736 9722 9675 9666 9657 9593 9551 9548 9542 9531 9514 9481 9465 9447 9353 9329 9294 9229 9219 9208 9203 9170 9130 9095 8978 8955 7055
87 9948 9906 9883 9710 9607 9575 9574 9556 9548 9542 9531 9455 9374 9354 9353 9328 9204 9165 9138 9086 9043 9040 9010 8973 8966 8949 8948 8940 8860 8801 8779 8749 8465 7977 7234 5959 3097 2848
88 9967 9957 9948 9750 9710 9593 9556 9546 9542 9538 9430 9374 9358 9299 9208 9203 9167 9163 9135 9127 9078 9054 9043 9040 9030 8952 8843 8779 8714 8696 8614 8549 8487 8465 8461 8381 7117 3244 1263
89 9998 9913 9892 9814 9804 9740 9733 9657 9589 9569 9547 9514 9491 9478 9465 9412 9409 9391 9386 9382 9231 9175 9170 9154 9141 9137 9130 9054 8992 8978 8802 8450 6138 3774 2060
90 9986 9969 9967 9957 9916 9897 9886 9857 9825 9824 9784 9750 9749 9713 9701 9635 9561 9549 9546 9538 9521 9519 9495 9485 9446 9439 9430 9424 9413 9392 9391 9358 9347 9322 9299 9167 9054 8541 8450 3244 2153 1290
91 9770 9663 9561 9546 9430 9358 9167 9163 9143 9132 9127 9088 9078 9004 8992 8952 8843 8714 8605 8585 8438 8405 8334 8324 8307 8290 8287 8185 8151 8122 8117 8088 8019 7086
92 9957 9906 9779 9607 9593 9584 9575 9574 9479 9460 9455 9397 9354 9342 9328 9305 9269 9211 9208 9204 9203 9199 9165 9161 9138 9122 8973 8949 8948 8947 8911 8909 8891 8826 8801 8713 8353 7117 6769 3097 1737
93 9987 9948 9927 9888 9856 9805 9803 9798 9710 9705 9698 9569 9562 9556 9542 9532 9521 9374 9351 9246 9147 9043 9040 9000 8944 8909 8868 8802 8779 8743 8688 8465 5526
94 9986 9977 9901 9864 9862 9793 9753 9694 9652 9631 9485 9468 9464 9434 9421 9407 9401 9301 9259 9119 8993 8970 8933 8884 8835 8774 8766 8761 8741 8734 8729 8509 8494 8492 8374 8373 5921 5725 5051 3244
95 9986 9907 9883 9864 9793 9776 9770 9740 9703 9652 9639 9493 9464 9373 9365 9290 9271 9259 9158 9153 9128 9119 9039 9019 9017 8992 8952 8912 8901 8898 8884 8835 8787 8743 8728 8243 8156 8094 7585 5985 4247
96 9995 9974 9971 9957 9946 9927 9913 9912 9885 9884 9880 9875 9856 9835 9832 9831 9805 9803 9798 9794 9782 9763 9740 9739 9693 9675 9597 9592 9591 9572 9569 9566 9532 9353 9039 8094 7055 5482 1502
97 9971 9957 9927 9856 9811 9805 9803 9798 9743 9722 9693 9691 9675 9666 9630 9593 9584 9569 9555 9551 9542 9532 9465 9460 9420 9397 9353 9351 9342 9334 9305 9299 9294 9229 9211 9208 9203 9199 9195 8950 8761 7727
98 9916 9883 9874 9842 9786 9782 9770 9711 9664 9663 9653 9567 9561 9532 9414 9353 9320 9277 9252 9177 9155 9143 9132 9123 9110 7677 7347 3097 1671
99 9998 9974 9948 9931 9913 9908 9894 9804 9770 9761 9710 9703 9640 9596 9595 9569 9556 9542 9523 9516 9493 9465 9464 9447 9440 9409 9391 9382 9374 9290 9248 9175 9081 9017 8992 6604 6402 3975 3849
